<?xml version="1.0" encoding="UTF-8"?>
<!-- Generated by org.testng.reporters.JUnitXMLReporter -->
<testsuite ignored="0" hostname="NomadicShri" failures="0" tests="6" name="Test" time="61.415" errors="0" timestamp="2022-06-17T11:06:43 EDT">
  <testcase classname="PathFactory.PathFactory.AutomationPractice" name="verifyLandingPageTest" time="0.022"/>
  <testcase classname="PathFactory.PathFactory.AutomationPractice" name="verifyEmptyStateErrorTest" time="12.813"/>
  <testcase classname="PathFactory.PathFactory.AutomationPractice" name="verifyIncorrectPasswordErrorTest" time="2.672"/>
  <testcase classname="PathFactory.PathFactory.AutomationPractice" name="verifyIncorrectEmailErrorTest" time="2.161"/>
  <testcase classname="PathFactory.PathFactory.AutomationPractice" name="verifyForgotPasswordLinkTest" time="14.992"/>
  <testcase classname="PathFactory.PathFactory.AutomationPractice" name="verifyLoginSuccess" time="2.506"/>
</testsuite> <!-- Test -->
